#
# There is insufficient memory for the Java Runtime Environment to continue.
# Native memory allocation (malloc) failed to allocate 1078336 bytes for Chunk::new
# Possible reasons:
#   The system is out of physical RAM or swap space
#   In 32 bit mode, the process size limit was hit
# Possible solutions:
#   Reduce memory load on the system
#   Increase physical memory or swap space
#   Check if swap backing store is full
#   Use 64 bit Java on a 64 bit OS
#   Decrease Java heap size (-Xmx/-Xms)
#   Decrease number of Java threads
#   Decrease Java thread stack sizes (-Xss)
#   Set larger code cache with -XX:ReservedCodeCacheSize=
# This output file may be truncated or incomplete.
#
#  Out of Memory Error (allocation.cpp:390), pid=1568, tid=0x00000000000003dc
#
# JRE version: Java(TM) SE Runtime Environment (8.0_112-b15) (build 1.8.0_112-b15)
# Java VM: Java HotSpot(TM) 64-Bit Server VM (25.112-b15 mixed mode windows-amd64 compressed oops)
# Failed to write core dump. Minidumps are not enabled by default on client versions of Windows
#

---------------  T H R E A D  ---------------

Current thread (0x0000000019d7f800):  JavaThread "C2 CompilerThread0" daemon [_thread_in_native, id=988, stack(0x000000001b4d0000,0x000000001b5d0000)]

Stack: [0x000000001b4d0000,0x000000001b5d0000]
[error occurred during error reporting (printing stack bounds), id 0xc0000005]

Native frames: (J=compiled Java code, j=interpreted, Vv=VM code, C=native code)


Current CompileTask:
C2:  13375 1872       4       java.net.URLClassLoader$1::run (5 bytes)


---------------  P R O C E S S  ---------------

Java Threads: ( => current thread )
  0x000000001c00e000 JavaThread "pool-1-thread-1 for channel id=40" [_thread_in_vm, id=5816, stack(0x000000001e7e0000,0x000000001e8e0000)]
  0x000000001bef7000 JavaThread "Channel reader thread: channel" [_thread_in_native, id=2700, stack(0x000000001e6e0000,0x000000001e7e0000)]
  0x000000001d287800 JavaThread "RemoteInvocationHandler [#1]" daemon [_thread_blocked, id=9816, stack(0x000000001d5a0000,0x000000001d6a0000)]
  0x000000001b800800 JavaThread "Service Thread" daemon [_thread_blocked, id=12600, stack(0x000000001bbd0000,0x000000001bcd0000)]
  0x0000000019d87000 JavaThread "C1 CompilerThread2" daemon [_thread_blocked, id=7316, stack(0x000000001b6d0000,0x000000001b7d0000)]
  0x0000000019d84000 JavaThread "C2 CompilerThread1" daemon [_thread_in_native, id=12308, stack(0x000000001b5d0000,0x000000001b6d0000)]
=>0x0000000019d7f800 JavaThread "C2 CompilerThread0" daemon [_thread_in_native, id=988, stack(0x000000001b4d0000,0x000000001b5d0000)]
  0x0000000019d7e000 JavaThread "Attach Listener" daemon [_thread_blocked, id=10776, stack(0x000000001b3d0000,0x000000001b4d0000)]
  0x0000000019d7d000 JavaThread "Signal Dispatcher" daemon [_thread_blocked, id=9168, stack(0x000000001b2d0000,0x000000001b3d0000)]
  0x0000000019d68800 JavaThread "Finalizer" daemon [_thread_blocked, id=13872, stack(0x000000001afe0000,0x000000001b0e0000)]
  0x00000000051e3800 JavaThread "Reference Handler" daemon [_thread_blocked, id=11132, stack(0x000000001aee0000,0x000000001afe0000)]
  0x00000000050ee000 JavaThread "main" [_thread_blocked, id=11408, stack(0x0000000004f10000,0x0000000005010000)]

Other Threads:
  0x0000000019d47800 VMThread [stack: 0x000000001ade0000,0x000000001aee0000] [id=5928]
  0x0000000019dde800 WatcherThread [stack: 0x000000001bcd0000,0x000000001bdd0000] [id=12852]

VM state:not at safepoint (normal execution)

VM Mutex/Monitor currently owned by a thread: None

Heap:
 PSYoungGen      total 38400K, used 12683K [0x00000000d5b00000, 0x00000000da600000, 0x0000000100000000)
  eden space 33280K, 22% used [0x00000000d5b00000,0x00000000d6266e58,0x00000000d7b80000)
  from space 5120K, 99% used [0x00000000d7b80000,0x00000000d807c040,0x00000000d8080000)
  to   space 5120K, 0% used [0x00000000da100000,0x00000000da100000,0x00000000da600000)
 ParOldGen       total 87552K, used 7881K [0x0000000081000000, 0x0000000086580000, 0x00000000d5b00000)
  object space 87552K, 9% used [0x0000000081000000,0x00000000817b25e8,0x0000000086580000)
 Metaspace       used 17184K, capacity 17888K, committed 18048K, reserved 1064960K
  class space    used 2124K, capacity 2372K, committed 2432K, reserved 1048576K

Card table byte_map: [0x00000000145b0000,0x00000000149b0000] byte_map_base: 0x00000000141a8000

Marking Bits: (ParMarkBitMap*) 0x00000000732ca6d0
 Begin Bits: [0x0000000015060000, 0x0000000017020000)
 End Bits:   [0x0000000017020000, 0x0000000018fe0000)

Polling page: 0x0000000003640000

CodeCache: size=245760Kb used=6460Kb max_used=6460Kb free=239299Kb
 bounds [0x00000000051f0000, 0x0000000005850000, 0x00000000141f0000]
 total_blobs=2232 nmethods=1862 adapters=282
 compilation: enabled

Compilation events (10 events):
Event: 13.324 Thread 0x0000000019d87000 nmethod 1975 0x000000000583cad0 code [0x000000000583cc60, 0x000000000583d078]
Event: 13.324 Thread 0x0000000019d87000 1976       3       com.google.inject.internal.Scoping::scope (47 bytes)
Event: 13.328 Thread 0x0000000019d87000 nmethod 1976 0x000000000583d290 code [0x000000000583d4c0, 0x000000000583e108]
Event: 13.328 Thread 0x0000000019d87000 1977       3       java.util.LinkedHashMap$LinkedValues::iterator (12 bytes)
Event: 13.329 Thread 0x0000000019d87000 nmethod 1977 0x000000000583e850 code [0x000000000583e9c0, 0x000000000583ecd0]
Event: 13.329 Thread 0x0000000019d87000 1978       3       java.util.LinkedHashMap$LinkedValueIterator::<init> (11 bytes)
Event: 13.330 Thread 0x0000000019d87000 nmethod 1978 0x000000000583ee50 code [0x000000000583efc0, 0x000000000583f230]
Event: 13.330 Thread 0x0000000019d87000 1979       3       com.google.common.collect.AbstractIndexedListIterator::next (31 bytes)
Event: 13.331 Thread 0x0000000019d87000 nmethod 1979 0x000000000583f350 code [0x000000000583f4e0, 0x000000000583f938]
Event: 13.331 Thread 0x0000000019d87000 1981       3       sun.reflect.ReflectionFactory::copyConstructor (10 bytes)

GC Heap History (6 events):
Event: 9.916 GC heap before
{Heap before GC invocations=1 (full 0):
 PSYoungGen      total 38400K, used 33280K [0x00000000d5b00000, 0x00000000d8580000, 0x0000000100000000)
  eden space 33280K, 100% used [0x00000000d5b00000,0x00000000d7b80000,0x00000000d7b80000)
  from space 5120K, 0% used [0x00000000d8080000,0x00000000d8080000,0x00000000d8580000)
  to   space 5120K, 0% used [0x00000000d7b80000,0x00000000d7b80000,0x00000000d8080000)
 ParOldGen       total 87552K, used 0K [0x0000000081000000, 0x0000000086580000, 0x00000000d5b00000)
  object space 87552K, 0% used [0x0000000081000000,0x0000000081000000,0x0000000086580000)
 Metaspace       used 9597K, capacity 10138K, committed 10240K, reserved 1058816K
  class space    used 1093K, capacity 1250K, committed 1280K, reserved 1048576K
Event: 9.932 GC heap after
Heap after GC invocations=1 (full 0):
 PSYoungGen      total 38400K, used 5107K [0x00000000d5b00000, 0x00000000d8580000, 0x0000000100000000)
  eden space 33280K, 0% used [0x00000000d5b00000,0x00000000d5b00000,0x00000000d7b80000)
  from space 5120K, 99% used [0x00000000d7b80000,0x00000000d807ce00,0x00000000d8080000)
  to   space 5120K, 0% used [0x00000000d8080000,0x00000000d8080000,0x00000000d8580000)
 ParOldGen       total 87552K, used 557K [0x0000000081000000, 0x0000000086580000, 0x00000000d5b00000)
  object space 87552K, 0% used [0x0000000081000000,0x000000008108b7a8,0x0000000086580000)
 Metaspace       used 9597K, capacity 10138K, committed 10240K, reserved 1058816K
  class space    used 1093K, capacity 1250K, committed 1280K, reserved 1048576K
}
Event: 11.491 GC heap before
{Heap before GC invocations=2 (full 0):
 PSYoungGen      total 38400K, used 38387K [0x00000000d5b00000, 0x00000000d8580000, 0x0000000100000000)
  eden space 33280K, 100% used [0x00000000d5b00000,0x00000000d7b80000,0x00000000d7b80000)
  from space 5120K, 99% used [0x00000000d7b80000,0x00000000d807ce00,0x00000000d8080000)
  to   space 5120K, 0% used [0x00000000d8080000,0x00000000d8080000,0x00000000d8580000)
 ParOldGen       total 87552K, used 557K [0x0000000081000000, 0x0000000086580000, 0x00000000d5b00000)
  object space 87552K, 0% used [0x0000000081000000,0x000000008108b7a8,0x0000000086580000)
 Metaspace       used 13049K, capacity 13710K, committed 13952K, reserved 1060864K
  class space    used 1586K, capacity 1815K, committed 1920K, reserved 1048576K
Event: 11.506 GC heap after
Heap after GC invocations=2 (full 0):
 PSYoungGen      total 38400K, used 5104K [0x00000000d5b00000, 0x00000000d8580000, 0x0000000100000000)
  eden space 33280K, 0% used [0x00000000d5b00000,0x00000000d5b00000,0x00000000d7b80000)
  from space 5120K, 99% used [0x00000000d8080000,0x00000000d857c060,0x00000000d8580000)
  to   space 5120K, 0% used [0x00000000d7b80000,0x00000000d7b80000,0x00000000d8080000)
 ParOldGen       total 87552K, used 3164K [0x0000000081000000, 0x0000000086580000, 0x00000000d5b00000)
  object space 87552K, 3% used [0x0000000081000000,0x0000000081317048,0x0000000086580000)
 Metaspace       used 13049K, capacity 13710K, committed 13952K, reserved 1060864K
  class space    used 1586K, capacity 1815K, committed 1920K, reserved 1048576K
}
Event: 12.699 GC heap before
{Heap before GC invocations=3 (full 0):
 PSYoungGen      total 38400K, used 38384K [0x00000000d5b00000, 0x00000000d8580000, 0x0000000100000000)
  eden space 33280K, 100% used [0x00000000d5b00000,0x00000000d7b80000,0x00000000d7b80000)
  from space 5120K, 99% used [0x00000000d8080000,0x00000000d857c060,0x00000000d8580000)
  to   space 5120K, 0% used [0x00000000d7b80000,0x00000000d7b80000,0x00000000d8080000)
 ParOldGen       total 87552K, used 3164K [0x0000000081000000, 0x0000000086580000, 0x00000000d5b00000)
  object space 87552K, 3% used [0x0000000081000000,0x0000000081317048,0x0000000086580000)
 Metaspace       used 16447K, capacity 17146K, committed 17408K, reserved 1064960K
  class space    used 2020K, capacity 2275K, committed 2304K, reserved 1048576K
Event: 12.729 GC heap after
Heap after GC invocations=3 (full 0):
 PSYoungGen      total 38400K, used 5104K [0x00000000d5b00000, 0x00000000da600000, 0x0000000100000000)
  eden space 33280K, 0% used [0x00000000d5b00000,0x00000000d5b00000,0x00000000d7b80000)
  from space 5120K, 99% used [0x00000000d7b80000,0x00000000d807c040,0x00000000d8080000)
  to   space 5120K, 0% used [0x00000000da100000,0x00000000da100000,0x00000000da600000)
 ParOldGen       total 87552K, used 7881K [0x0000000081000000, 0x0000000086580000, 0x00000000d5b00000)
  object space 87552K, 9% used [0x0000000081000000,0x00000000817b25e8,0x0000000086580000)
 Metaspace       used 16447K, capacity 17146K, committed 17408K, reserved 1064960K
  class space    used 2020K, capacity 2275K, committed 2304K, reserved 1048576K
}

Deoptimization events (10 events):
Event: 11.213 Thread 0x000000001c00e000 Uncommon trap: reason=class_check action=maybe_recompile pc=0x000000000567a5a4 method=java.util.regex.Matcher.search(I)Z @ 86
Event: 11.213 Thread 0x000000001c00e000 Uncommon trap: reason=bimorphic action=maybe_recompile pc=0x0000000005514c78 method=java.util.regex.Pattern$Curly.match0(Ljava/util/regex/Matcher;IILjava/lang/CharSequence;)Z @ 170
Event: 11.213 Thread 0x000000001c00e000 Uncommon trap: reason=bimorphic action=maybe_recompile pc=0x0000000005514c78 method=java.util.regex.Pattern$Curly.match0(Ljava/util/regex/Matcher;IILjava/lang/CharSequence;)Z @ 170
Event: 11.305 Thread 0x000000001c00e000 Uncommon trap: reason=class_check action=maybe_recompile pc=0x000000000567a5a4 method=java.util.regex.Matcher.search(I)Z @ 86
Event: 11.459 Thread 0x000000001c00e000 Uncommon trap: reason=class_check action=maybe_recompile pc=0x000000000567a5a4 method=java.util.regex.Matcher.search(I)Z @ 86
Event: 11.603 Thread 0x000000001c00e000 Uncommon trap: reason=unstable_if action=reinterpret pc=0x0000000005529594 method=java.util.regex.Matcher.match(II)Z @ 91
Event: 11.604 Thread 0x000000001c00e000 Uncommon trap: reason=bimorphic action=maybe_recompile pc=0x00000000054f76dc method=java.util.regex.Pattern$Curly.match0(Ljava/util/regex/Matcher;IILjava/lang/CharSequence;)Z @ 77
Event: 11.606 Thread 0x000000001c00e000 Uncommon trap: reason=bimorphic action=maybe_recompile pc=0x00000000054f76dc method=java.util.regex.Pattern$Curly.match0(Ljava/util/regex/Matcher;IILjava/lang/CharSequence;)Z @ 77
Event: 11.707 Thread 0x000000001c00e000 Uncommon trap: reason=range_check action=make_not_entrant pc=0x000000000537d920 method=sun.reflect.generics.parser.SignatureParser.current()C @ 34
Event: 11.828 Thread 0x000000001c00e000 Uncommon trap: reason=unstable_if action=reinterpret pc=0x00000000056db6f8 method=sun.net.www.ParseUtil.encodePath(Ljava/lang/String;Z)Ljava/lang/String; @ 109

Internal exceptions (10 events):
Event: 11.692 Thread 0x000000001c00e000 Exception <a 'java/lang/ArrayIndexOutOfBoundsException'> (0x00000000d60b6238) thrown at [C:\re\workspace\8-2-build-windows-amd64-cygwin\jdk8u112\7884\hotspot\src\share\vm\runtime\sharedRuntime.cpp, line 605]
Event: 11.692 Thread 0x000000001c00e000 Exception <a 'java/lang/ArrayIndexOutOfBoundsException'> (0x00000000d60b7318) thrown at [C:\re\workspace\8-2-build-windows-amd64-cygwin\jdk8u112\7884\hotspot\src\share\vm\runtime\sharedRuntime.cpp, line 605]
Event: 11.692 Thread 0x000000001c00e000 Exception <a 'java/lang/ArrayIndexOutOfBoundsException'> (0x00000000d60b8ba8) thrown at [C:\re\workspace\8-2-build-windows-amd64-cygwin\jdk8u112\7884\hotspot\src\share\vm\runtime\sharedRuntime.cpp, line 605]
Event: 11.692 Thread 0x000000001c00e000 Exception <a 'java/lang/ArrayIndexOutOfBoundsException'> (0x00000000d60ba4b8) thrown at [C:\re\workspace\8-2-build-windows-amd64-cygwin\jdk8u112\7884\hotspot\src\share\vm\runtime\sharedRuntime.cpp, line 605]
Event: 11.693 Thread 0x000000001c00e000 Exception <a 'java/lang/ArrayIndexOutOfBoundsException'> (0x00000000d60bc020) thrown at [C:\re\workspace\8-2-build-windows-amd64-cygwin\jdk8u112\7884\hotspot\src\share\vm\runtime\sharedRuntime.cpp, line 605]
Event: 11.693 Thread 0x000000001c00e000 Exception <a 'java/lang/ArrayIndexOutOfBoundsException'> (0x00000000d60bdcd8) thrown at [C:\re\workspace\8-2-build-windows-amd64-cygwin\jdk8u112\7884\hotspot\src\share\vm\runtime\sharedRuntime.cpp, line 605]
Event: 11.693 Thread 0x000000001c00e000 Exception <a 'java/lang/ArrayIndexOutOfBoundsException'> (0x00000000d60c00c8) thrown at [C:\re\workspace\8-2-build-windows-amd64-cygwin\jdk8u112\7884\hotspot\src\share\vm\runtime\sharedRuntime.cpp, line 605]
Event: 11.694 Thread 0x000000001c00e000 Exception <a 'java/lang/ArrayIndexOutOfBoundsException'> (0x00000000d60c1fe0) thrown at [C:\re\workspace\8-2-build-windows-amd64-cygwin\jdk8u112\7884\hotspot\src\share\vm\runtime\sharedRuntime.cpp, line 605]
Event: 11.707 Thread 0x000000001c00e000 Exception <a 'java/lang/ArrayIndexOutOfBoundsException': 85> (0x00000000d6140700) thrown at [C:\re\workspace\8-2-build-windows-amd64-cygwin\jdk8u112\7884\hotspot\src\share\vm\interpreter\interpreterRuntime.cpp, line 366]
Event: 11.708 Thread 0x000000001c00e000 Exception <a 'java/lang/ArrayIndexOutOfBoundsException': 40> (0x00000000d6147e50) thrown at [C:\re\workspace\8-2-build-windows-amd64-cygwin\jdk8u112\7884\hotspot\src\share\vm\interpreter\interpreterRuntime.cpp, line 366]

Events (10 events):
Event: 13.272 loading class org/apache/maven/session/scope/internal/SessionScope$2
Event: 13.272 loading class org/apache/maven/session/scope/internal/SessionScope$2 done
Event: 13.274 loading class com/google/inject/internal/BoundProviderFactory
Event: 13.274 loading class com/google/inject/internal/BoundProviderFactory done
Event: 13.303 loading class com/google/inject/internal/AbstractBindingProcessor$Processor$1
Event: 13.303 loading class com/google/inject/internal/AbstractBindingProcessor$Processor$1 done
Event: 13.312 loading class com/google/inject/internal/UntargettedBindingProcessor
Event: 13.312 loading class com/google/inject/internal/UntargettedBindingProcessor done
Event: 13.315 loading class com/google/inject/internal/UntargettedBindingProcessor$1
Event: 13.315 loading class com/google/inject/internal/UntargettedBindingProcessor$1 done


Dynamic libraries:
0x00007ff66f8a0000 - 0x00007ff66f8d7000 	C:\ProgramData\Oracle\Java\javapath\java.exe
0x00007fff80d50000 - 0x00007fff80f30000 	C:\WINDOWS\SYSTEM32\ntdll.dll
0x00007fff805c0000 - 0x00007fff8066e000 	C:\WINDOWS\System32\KERNEL32.DLL
0x00007fff7d420000 - 0x00007fff7d686000 	C:\WINDOWS\System32\KERNELBASE.dll
0x00007fff80790000 - 0x00007fff80831000 	C:\WINDOWS\System32\ADVAPI32.dll
0x00007fff7e2a0000 - 0x00007fff7e33d000 	C:\WINDOWS\System32\msvcrt.dll
0x00007fff7f8b0000 - 0x00007fff7f90b000 	C:\WINDOWS\System32\sechost.dll
0x00007fff7f910000 - 0x00007fff7fa2f000 	C:\WINDOWS\System32\RPCRT4.dll
0x00007fff80b90000 - 0x00007fff80d1f000 	C:\WINDOWS\System32\USER32.dll
0x00007fff7d910000 - 0x00007fff7d930000 	C:\WINDOWS\System32\win32u.dll
0x00007fff80840000 - 0x00007fff80868000 	C:\WINDOWS\System32\GDI32.dll
0x00007fff7d930000 - 0x00007fff7dac3000 	C:\WINDOWS\System32\gdi32full.dll
0x00007fff7d810000 - 0x00007fff7d8ab000 	C:\WINDOWS\System32\msvcp_win.dll
0x00007fff7d320000 - 0x00007fff7d416000 	C:\WINDOWS\System32\ucrtbase.dll
0x00007fff6dc10000 - 0x00007fff6de79000 	C:\WINDOWS\WinSxS\amd64_microsoft.windows.common-controls_6595b64144ccf1df_6.0.16299.248_none_15ced204935f55d7\COMCTL32.dll
0x00007fff7fbb0000 - 0x00007fff7feb8000 	C:\WINDOWS\System32\combase.dll
0x00007fff7d790000 - 0x00007fff7d802000 	C:\WINDOWS\System32\bcryptPrimitives.dll
0x00007fff7fb80000 - 0x00007fff7fbad000 	C:\WINDOWS\System32\IMM32.DLL
0x00000000727f0000 - 0x00000000728c2000 	C:\Program Files\Java\jre1.8.0_112\bin\msvcr100.dll
0x0000000072ab0000 - 0x000000007334a000 	C:\Program Files\Java\jre1.8.0_112\bin\server\jvm.dll
0x00007fff7e340000 - 0x00007fff7e348000 	C:\WINDOWS\System32\PSAPI.DLL
0x00007fff71ed0000 - 0x00007fff71eda000 	C:\WINDOWS\SYSTEM32\VERSION.dll
0x00007fff768f0000 - 0x00007fff76913000 	C:\WINDOWS\SYSTEM32\WINMM.dll
0x00007fff78590000 - 0x00007fff78599000 	C:\WINDOWS\SYSTEM32\WSOCK32.dll
0x00007fff7e350000 - 0x00007fff7e3bc000 	C:\WINDOWS\System32\WS2_32.dll
0x00007fff768c0000 - 0x00007fff768ea000 	C:\WINDOWS\SYSTEM32\winmmbase.dll
0x00007fff7d690000 - 0x00007fff7d6da000 	C:\WINDOWS\System32\cfgmgr32.dll
0x0000000072aa0000 - 0x0000000072aaf000 	C:\Program Files\Java\jre1.8.0_112\bin\verify.dll
0x0000000072a70000 - 0x0000000072a99000 	C:\Program Files\Java\jre1.8.0_112\bin\java.dll
0x0000000072a50000 - 0x0000000072a66000 	C:\Program Files\Java\jre1.8.0_112\bin\zip.dll
0x00007fff7e470000 - 0x00007fff7f8a6000 	C:\WINDOWS\System32\SHELL32.dll
0x00007fff7e3c0000 - 0x00007fff7e466000 	C:\WINDOWS\System32\shcore.dll
0x00007fff7dad0000 - 0x00007fff7e217000 	C:\WINDOWS\System32\windows.storage.dll
0x00007fff7e220000 - 0x00007fff7e271000 	C:\WINDOWS\System32\shlwapi.dll
0x00007fff7d0f0000 - 0x00007fff7d101000 	C:\WINDOWS\System32\kernel.appcore.dll
0x00007fff7d0a0000 - 0x00007fff7d0ec000 	C:\WINDOWS\System32\powrprof.dll
0x00007fff7d130000 - 0x00007fff7d14b000 	C:\WINDOWS\System32\profapi.dll
0x0000000072a30000 - 0x0000000072a4a000 	C:\Program Files\Java\jre1.8.0_112\bin\net.dll
0x00007fff7c930000 - 0x00007fff7c996000 	C:\WINDOWS\system32\mswsock.dll
0x0000000072a10000 - 0x0000000072a21000 	C:\Program Files\Java\jre1.8.0_112\bin\nio.dll
0x0000000072650000 - 0x00000000727e8000 	C:\Program Files\Java\jre1.8.0_112\bin\awt.dll
0x00007fff804f0000 - 0x00007fff805b5000 	C:\WINDOWS\System32\OLEAUT32.dll
0x00007fff7aca0000 - 0x00007fff7ad28000 	C:\WINDOWS\SYSTEM32\apphelp.dll

VM Arguments:
java_command: jenkins.maven3.agent.Maven35Main C:\Users\salakhya\.jenkins\tools\hudson.tasks.Maven_MavenInstallation\Maven C:\Users\salakhya\.jenkins\war\WEB-INF\lib\remoting-3.17.jar C:\Users\salakhya\.jenkins\plugins\maven-plugin\WEB-INF\lib\maven35-interceptor-1.12-alpha-1.jar C:\Users\salakhya\.jenkins\plugins\maven-plugin\WEB-INF\lib\maven3-interceptor-commons-1.12-alpha-1.jar 49273
java_class_path (initial): C:\Users\salakhya\.jenkins\plugins\maven-plugin\WEB-INF\lib\maven35-agent-1.12-alpha-1.jar;C:\Users\salakhya\.jenkins\tools\hudson.tasks.Maven_MavenInstallation\Maven\boot\plexus-classworlds-2.5.2.jar;C:\Users\salakhya\.jenkins\tools\hudson.tasks.Maven_MavenInstallation\Maven/conf/logging
Launcher Type: SUN_STANDARD

Environment Variables:
PATH=C:\Users\salakhya\.jenkins\tools\hudson.tasks.Maven_MavenInstallation\Maven/bin;C:\ProgramData\Oracle\Java\javapath;C:\WINDOWS\system32;C:\WINDOWS;C:\WINDOWS\System32\Wbem;C:\WINDOWS\System32\WindowsPowerShell\v1.0\;C:\Program Files (x86)\Skype\Phone\;C:\Program Files (x86)\Microsoft SQL Server\110\Tools\Binn\ManagementStudio\;C:\Program Files (x86)\Microsoft SQL Server\110\Tools\Binn\;C:\Program Files\Microsoft SQL Server\110\Tools\Binn\;C:\Program Files (x86)\Microsoft SQL Server\110\DTS\Binn\;C:\Program Files\Microsoft\Web Platform Installer\;C:\Program Files (x86)\Microsoft ASP.NET\ASP.NET Web Pages\v1.0\;C:\Program Files\Java\jdk1.8.0_112\bin;C:\Users\salakhya\AppData\Local\sdks\build-tools;C:\Users\salakhya\AppData\Local\sdks\tools;C:\Users\salakhya\AppData\Local\sdks\platform-tools;C:\ProgramData\Oracle\Java\javapath;C:\WINDOWS\system32;C:\WINDOWS;C:\WINDOWS\System32\Wbem;C:\WINDOWS\System32\WindowsPowerShell\v1.0\;C:\Program Files (x86)\Skype\Phone\;C:\Program Files (x86)\Microsoft SQL Server\110\Tools\Binn\ManagementStudio\;C:\Program Files (x86)\Microsoft SQL Server\110\Tools\Binn\;C:\Program Files\Microsoft SQL Server\110\Tools\Binn\;C:\Program Files (x86)\Microsoft SQL Server\110\DTS\Binn\;C:\Program Files\Microsoft\Web Platform Installer\;C:\Program Files (x86)\Microsoft ASP.NET\ASP.NET Web Pages\v1.0\;C:\Program Files\Java\jdk1.8.0_112\bin;C:\Users\pkaveri\AppData\Local\Android\sdk\build-tools;C:\Users\pkaveri\AppData\Local\Android\sdk\tools;C:\Users\pkaveri\AppData\Local\Android\sdk\platform-tools;C:\Users\salakhya\AppData\Roaming\npm;D:\Git\Git\cmd;D:\Git\Git\mingw64\bin;D:\Git\Git\usr\bin;C:\Users\salakhya\AppData\Local\Microsoft\WindowsApps;
USERNAME=salakhya
OS=Windows_NT
PROCESSOR_IDENTIFIER=Intel64 Family 6 Model 42 Stepping 7, GenuineIntel



---------------  S Y S T E M  ---------------

OS: Windows 10.0 , 64 bit Build 16299 (10.0.16299.15)

CPU:total 4 (2 cores per cpu, 2 threads per core) family 6 model 42 stepping 7, cmov, cx8, fxsr, mmx, sse, sse2, sse3, ssse3, sse4.1, sse4.2, popcnt, avx, aes, clmul, ht, tsc, tscinvbit

Memory: 4k page, physical 8321388k(2000576k free), swap 10369388k(5784k free)

vm_info: Java HotSpot(TM) 64-Bit Server VM (25.112-b15) for windows-amd64 JRE (1.8.0_112-b15), built on Sep 22 2016 21:31:56 by "java_re" with MS VC++ 10.0 (VS2010)

time: Wed Mar 14 18:33:14 2018
elapsed time: 13 seconds (0d 0h 0m 13s)

